<?xml version="1.0" encoding="UTF-8"?>
<testng-results ignored="0" total="2" passed="2" failed="0" skipped="0">
  <reporter-output>
  </reporter-output>
  <suite started-at="2024-07-23T18:48:42 IST" name="Suite" finished-at="2024-07-23T18:48:54 IST" duration-ms="12209">
    <groups>
    </groups>
    <test started-at="2024-07-23T18:48:42 IST" name="Test" finished-at="2024-07-23T18:48:54 IST" duration-ms="12209">
      <class name="Assignment.Assignment21">
        <test-method is-config="true" signature="beforeMethod()[pri:0, instance:Assignment.Assignment21@31304f14]" started-at="2024-07-23T18:48:42 IST" name="beforeMethod" finished-at="2024-07-23T18:48:46 IST" duration-ms="4067" status="PASS">
          <reporter-output>
          </reporter-output>
        </test-method> <!-- beforeMethod -->
        <test-method signature="verifySearchOfFruitApple(java.lang.String)[pri:1, instance:Assignment.Assignment21@31304f14]" started-at="2024-07-23T18:48:46 IST" name="verifySearchOfFruitApple" finished-at="2024-07-23T18:48:47 IST" duration-ms="1439" status="PASS">
          <params>
            <param index="0">
              <value>
                <![CDATA[apples]]>
              </value>
            </param>
          </params>
          <reporter-output>
          </reporter-output>
        </test-method> <!-- verifySearchOfFruitApple -->
        <test-method is-config="true" signature="afterMethod(org.testng.ITestResult)[pri:0, instance:Assignment.Assignment21@31304f14]" started-at="2024-07-23T18:48:47 IST" name="afterMethod" finished-at="2024-07-23T18:48:48 IST" duration-ms="253" status="PASS">
          <params>
            <param index="0">
              <value>
                <![CDATA[[TestResult name=verifySearchOfFruitApple status=SUCCESS method=Assignment21.verifySearchOfFruitApple(java.lang.String)[pri:1, instance:Assignment.Assignment21@31304f14] output={null}]]]>
              </value>
            </param>
          </params>
          <reporter-output>
          </reporter-output>
        </test-method> <!-- afterMethod -->
        <test-method is-config="true" signature="beforeMethod()[pri:0, instance:Assignment.Assignment21@31304f14]" started-at="2024-07-23T18:48:48 IST" name="beforeMethod" finished-at="2024-07-23T18:48:52 IST" duration-ms="4618" status="PASS">
          <reporter-output>
          </reporter-output>
        </test-method> <!-- beforeMethod -->
        <test-method signature="verifySearchOfFruitOranges(java.lang.String)[pri:2, instance:Assignment.Assignment21@31304f14]" started-at="2024-07-23T18:48:52 IST" name="verifySearchOfFruitOranges" finished-at="2024-07-23T18:48:54 IST" duration-ms="1584" status="PASS">
          <params>
            <param index="0">
              <value>
                <![CDATA[Fruit Oranges]]>
              </value>
            </param>
          </params>
          <reporter-output>
          </reporter-output>
        </test-method> <!-- verifySearchOfFruitOranges -->
        <test-method is-config="true" signature="afterMethod(org.testng.ITestResult)[pri:0, instance:Assignment.Assignment21@31304f14]" started-at="2024-07-23T18:48:54 IST" name="afterMethod" finished-at="2024-07-23T18:48:54 IST" duration-ms="200" status="PASS">
          <params>
            <param index="0">
              <value>
                <![CDATA[[TestResult name=verifySearchOfFruitOranges status=SUCCESS method=Assignment21.verifySearchOfFruitOranges(java.lang.String)[pri:2, instance:Assignment.Assignment21@31304f14] output={null}]]]>
              </value>
            </param>
          </params>
          <reporter-output>
          </reporter-output>
        </test-method> <!-- afterMethod -->
      </class> <!-- Assignment.Assignment21 -->
    </test> <!-- Test -->
  </suite> <!-- Suite -->
</testng-results>
